<?xml version="1.0" encoding="UTF-8"?>
<!-- Generated by org.testng.reporters.JUnitReportReporter -->
<testsuite skipped="1" hostname="DESKTOP-07MTLRD" name="org.testngSample.A" tests="12" failures="0" timestamp="02 Jun 2021 10:16:05 GMT" time="0.094" errors="0">
  <testcase name="tc1" time="0.000" classname="org.testngSample.A"/>
  <testcase name="tc1" time="0.016" classname="org.testngSample.A"/>
  <testcase name="tc1" time="0.000" classname="org.testngSample.A"/>
  <testcase name="tc1" time="0.003" classname="org.testngSample.A"/>
  <testcase name="tc1" time="0.000" classname="org.testngSample.A"/>
  <testcase name="tc1" time="0.000" classname="org.testngSample.A"/>
  <testcase name="tc1" time="0.015" classname="org.testngSample.A"/>
  <testcase name="tc1" time="0.015" classname="org.testngSample.A"/>
  <testcase name="tc1" time="0.016" classname="org.testngSample.A"/>
  <testcase name="tc1" time="0.000" classname="org.testngSample.A"/>
  <testcase name="tc3" time="0.029" classname="org.testngSample.A"/>
  <testcase name="tc2" classname="org.testngSample.A">
    <skipped/>
  </testcase> <!-- tc2 -->
</testsuite> <!-- org.testngSample.A -->
