<?xml version="1.0" encoding="UTF-8"?>
<!-- Generated by org.testng.reporters.JUnitReportReporter -->
<testsuite skipped="0" hostname="DESKTOP-07MTLRD" name="org.testngSample.WebsiteLaunch" tests="2" failures="0" timestamp="05 Jun 2021 15:30:53 GMT" time="55.988" errors="0">
  <testcase name="internetExplorer" time="26.406" classname="org.testngSample.WebsiteLaunch"/>
  <testcase name="chrome" time="29.582" classname="org.testngSample.WebsiteLaunch"/>
</testsuite> <!-- org.testngSample.WebsiteLaunch -->
