<?xml version="1.0" encoding="UTF-8"?>
<!-- Generated by org.testng.reporters.JUnitReportReporter -->
<testsuite skipped="0" hostname="DESKTOP-07MTLRD" name="org.sampleprog.AmazonIphones" tests="1" failures="0" timestamp="09 Jun 2021 04:14:42 GMT" time="15.146" errors="0">
  <testcase name="ascendingOrder" time="15.146" classname="org.sampleprog.AmazonIphones"/>
</testsuite> <!-- org.sampleprog.AmazonIphones -->
