<?xml version="1.0" encoding="UTF-8"?>
<!-- Generated by org.testng.reporters.JUnitReportReporter -->
<testsuite skipped="0" hostname="DESKTOP-07MTLRD" name="org.testngSample.CompareA" tests="1" failures="0" timestamp="05 Jun 2021 10:47:25 GMT" time="0.042" errors="0">
  <testcase name="tc2" time="0.042" classname="org.testngSample.CompareA"/>
</testsuite> <!-- org.testngSample.CompareA -->
