<?xml version="1.0" encoding="UTF-8"?>
<!-- Generated by org.testng.reporters.JUnitReportReporter -->
<testsuite skipped="0" hostname="DESKTOP-07MTLRD" name="org.testngSample.Facebook" tests="1" failures="0" timestamp="04 Jun 2021 15:46:43 GMT" time="0.781" errors="0">
  <testcase name="fbUsername" time="0.781" classname="org.testngSample.Facebook"/>
</testsuite> <!-- org.testngSample.Facebook -->
