<?xml version="1.0" encoding="UTF-8"?>
<!-- Generated by org.testng.reporters.JUnitReportReporter -->
<testsuite skipped="0" hostname="DESKTOP-07MTLRD" name="org.testngSample.B" tests="3" failures="0" timestamp="05 Jun 2021 10:47:26 GMT" time="0.008" errors="0">
  <testcase name="tc6" time="0.004" classname="org.testngSample.B"/>
  <testcase name="tc4" time="0.002" classname="org.testngSample.B"/>
  <testcase name="tc5" time="0.002" classname="org.testngSample.B"/>
</testsuite> <!-- org.testngSample.B -->
