<?xml version="1.0" encoding="UTF-8"?>
<!-- Generated by org.testng.reporters.JUnitReportReporter -->
<testsuite skipped="0" hostname="DESKTOP-07MTLRD" name="org.testngSample.Flipkart" tests="1" failures="0" timestamp="05 Jun 2021 05:43:02 GMT" time="0.252" errors="0">
  <testcase name="flipkartLogin" time="0.252" classname="org.testngSample.Flipkart"/>
</testsuite> <!-- org.testngSample.Flipkart -->
