<?xml version="1.0" encoding="UTF-8"?>
<!-- Generated by org.testng.reporters.JUnitReportReporter -->
<testsuite skipped="0" hostname="DESKTOP-07MTLRD" name="org.testngSample.SuiteA" tests="3" failures="0" timestamp="02 Jun 2021 11:03:25 GMT" time="0.031" errors="0">
  <testcase name="tc3" time="0.015" classname="org.testngSample.SuiteA"/>
  <testcase name="tc1" time="0.016" classname="org.testngSample.SuiteA"/>
  <testcase name="tc2" time="0.000" classname="org.testngSample.SuiteA"/>
</testsuite> <!-- org.testngSample.SuiteA -->
